GoogleLauncher/app/build/outputs/logs/manifest-merger-release-report.txt
-- Merging decision tree log ---
manifest
ADDED from AndroidManifest.xml:2:1
	xmlns:android
		ADDED from AndroidManifest.xml:2:11
	package
		ADDED from AndroidManifest.xml:3:11
		INJECTED from AndroidManifest.xml:0:0
		INJECTED from AndroidManifest.xml:0:0
	android:versionName
		ADDED from AndroidManifest.xml:5:11
		INJECTED from AndroidManifest.xml:0:0
		INJECTED from AndroidManifest.xml:0:0
	android:versionCode
		ADDED from AndroidManifest.xml:4:11
		INJECTED from AndroidManifest.xml:0:0
		INJECTED from AndroidManifest.xml:0:0
uses-permission#android.permission.INTERNET
ADDED from AndroidManifest.xml:8:3
	android:name
		ADDED from AndroidManifest.xml:8:20
uses-permission#android.permission.ACCESS_NETWORK_STATE
ADDED from AndroidManifest.xml:9:3
	android:name
		ADDED from AndroidManifest.xml:9:20
application
ADDED from AndroidManifest.xml:11:3
MERGED from com.google.android.gms:play-services-ads:6.5.87:19:5
MERGED from com.google.android.gms:play-services-base:6.5.87:20:5
MERGED from com.android.support:support-v4:21.0.0:16:5
MERGED from uk.co.chrisjenx:calligraphy:2.0.2:11:5
	android:label
		ADDED from AndroidManifest.xml:14:7
	android:allowBackup
		ADDED from AndroidManifest.xml:12:7
	android:icon
		ADDED from AndroidManifest.xml:13:7
	android:theme
		ADDED from AndroidManifest.xml:15:7
	android:name
		ADDED from AndroidManifest.xml:16:7
meta-data#com.google.android.gms.version
ADDED from AndroidManifest.xml:19:5
MERGED from com.google.android.gms:play-services-base:6.5.87:21:9
	android:name
		ADDED from AndroidManifest.xml:20:9
	android:value
		ADDED from AndroidManifest.xml:21:9
activity#com.google.android.gms.ads.AdActivity
ADDED from AndroidManifest.xml:22:5
	android:configChanges
		ADDED from AndroidManifest.xml:25:9
	android:theme
		ADDED from AndroidManifest.xml:24:9
	android:name
		ADDED from AndroidManifest.xml:23:9
activity#com.makingiants.googlelauncher.LauncherActivity
ADDED from AndroidManifest.xml:28:5
	android:label
		ADDED from AndroidManifest.xml:30:9
	android:theme
		ADDED from AndroidManifest.xml:31:9
	android:name
		ADDED from AndroidManifest.xml:29:9
intent-filter#android.intent.action.MAIN+android.intent.category.LAUNCHER
ADDED from AndroidManifest.xml:32:7
action#android.intent.action.MAIN
ADDED from AndroidManifest.xml:33:9
	android:name
		ADDED from AndroidManifest.xml:33:17
category#android.intent.category.LAUNCHER
ADDED from AndroidManifest.xml:35:9
	android:name
		ADDED from AndroidManifest.xml:35:19
uses-sdk
INJECTED from AndroidManifest.xml:0:0 reason: use-sdk injection requested
MERGED from com.google.android.gms:play-services-ads:6.5.87:18:5
MERGED from com.google.android.gms:play-services-base:6.5.87:18:5
MERGED from com.android.support:support-v4:21.0.0:15:5
MERGED from uk.co.chrisjenx:calligraphy:2.0.2:7:5
	android:targetSdkVersion
		INJECTED from AndroidManifest.xml:0:0
		INJECTED from AndroidManifest.xml:0:0
	android:minSdkVersion
		INJECTED from AndroidManifest.xml:0:0
		INJECTED from AndroidManifest.xml:0:0